<?xml version="1.0" encoding="UTF-8"?>
<!-- Generated by org.testng.reporters.JUnitReportReporter -->
<testsuite hostname="WELCOME-PC" failures="0" tests="1" name="testCases.TC001AccountRegistrationTest" time="2.486" errors="0" timestamp="2025-08-17T22:25:06 IST" skipped="0">
  <testcase classname="testCases.TC001AccountRegistrationTest" name="verifyAccountRegistration" time="2.486"/>
</testsuite> <!-- testCases.TC001AccountRegistrationTest -->
