<?xml version="1.0" encoding="UTF-8"?>
<!-- Generated by org.testng.reporters.JUnitReportReporter -->
<testsuite hostname="DESKTOP-5DLOU5K" failures="0" tests="1" name="testCases.TC001AccountRegistrationTest" time="2.483" errors="0" timestamp="2025-09-04T12:44:58 IST" skipped="0">
  <testcase classname="testCases.TC001AccountRegistrationTest" name="verifyAccountRegistration" time="2.483"/>
</testsuite> <!-- testCases.TC001AccountRegistrationTest -->
